<?xml version="1.0" encoding="UTF-8"?>
<!-- Generated by org.testng.reporters.JUnitXMLReporter -->
<testsuite ignored="0" hostname="DESKTOP-SKT3MDB" failures="1" tests="1" name="Test" time="10.038" errors="0" timestamp="2026-05-06T10:54:27 CDT">
  <testcase classname="TestCases.TC002_Login_Test" name="Mylogin" time="5.695">
    <failure type="java.lang.AssertionError" message="null">
      <![CDATA[java.lang.AssertionError: null
at TestCases.TC002_Login_Test.Mylogin(TC002_Login_Test.java:60)
at java.base/java.util.ArrayList.forEach(ArrayList.java:1596)
... Removed 27 stack frames]]>
    </failure>
  </testcase> <!-- Mylogin -->
</testsuite> <!-- Test -->
