<?xml version="1.0" encoding="UTF-8"?>
<testng-results ignored="0" total="3" passed="3" failed="0" skipped="0">
  <reporter-output>
  </reporter-output>
  <suite started-at="2026-05-06T21:14:11 CDT" name="Suite" finished-at="2026-05-06T21:14:30 CDT" duration-ms="19502">
    <groups>
      <group name="Master">
        <method signature="TC002_Login_Test.Mylogin()[pri:0, instance:TestCases.TC002_Login_Test@135606db]" name="Mylogin" class="TestCases.TC002_Login_Test"/>
        <method signature="TC002_Login_Test.Mylogin()[pri:0, instance:TestCases.TC002_Login_Test@78aa1f72]" name="Mylogin" class="TestCases.TC002_Login_Test"/>
        <method signature="TC002_Login_Test.Mylogin()[pri:0, instance:TestCases.TC002_Login_Test@35399441]" name="Mylogin" class="TestCases.TC002_Login_Test"/>
      </group> <!-- Master -->
      <group name="Sanity">
        <method signature="TC002_Login_Test.Mylogin()[pri:0, instance:TestCases.TC002_Login_Test@135606db]" name="Mylogin" class="TestCases.TC002_Login_Test"/>
        <method signature="TC002_Login_Test.Mylogin()[pri:0, instance:TestCases.TC002_Login_Test@78aa1f72]" name="Mylogin" class="TestCases.TC002_Login_Test"/>
        <method signature="TC002_Login_Test.Mylogin()[pri:0, instance:TestCases.TC002_Login_Test@35399441]" name="Mylogin" class="TestCases.TC002_Login_Test"/>
      </group> <!-- Sanity -->
    </groups>
    <test started-at="2026-05-06T21:14:11 CDT" name="ChromeTest" finished-at="2026-05-06T21:14:21 CDT" duration-ms="9769">
      <class name="TestCases.TC002_Login_Test">
        <test-method is-config="true" signature="setup(java.lang.String,java.lang.String)[pri:0, instance:TestCases.TC002_Login_Test@135606db]" started-at="2026-05-06T21:14:11 CDT" name="setup" finished-at="2026-05-06T21:14:14 CDT" duration-ms="3415" status="PASS">
          <params>
            <param index="0">
              <value>
                <![CDATA[Windows]]>
              </value>
            </param>
            <param index="1">
              <value>
                <![CDATA[chrome]]>
              </value>
            </param>
          </params>
          <reporter-output>
          </reporter-output>
        </test-method> <!-- setup -->
        <test-method signature="Mylogin()[pri:0, instance:TestCases.TC002_Login_Test@135606db]" started-at="2026-05-06T21:14:14 CDT" name="Mylogin" finished-at="2026-05-06T21:14:20 CDT" duration-ms="5715" status="PASS">
          <reporter-output>
          </reporter-output>
        </test-method> <!-- Mylogin -->
        <test-method is-config="true" signature="tearDown()[pri:0, instance:TestCases.TC002_Login_Test@135606db]" started-at="2026-05-06T21:14:20 CDT" name="tearDown" finished-at="2026-05-06T21:14:21 CDT" duration-ms="517" status="PASS">
          <reporter-output>
          </reporter-output>
        </test-method> <!-- tearDown -->
      </class> <!-- TestCases.TC002_Login_Test -->
    </test> <!-- ChromeTest -->
    <test started-at="2026-05-06T21:14:11 CDT" name="EdgeTest" finished-at="2026-05-06T21:14:23 CDT" duration-ms="12074">
      <class name="TestCases.TC002_Login_Test">
        <test-method is-config="true" signature="setup(java.lang.String,java.lang.String)[pri:0, instance:TestCases.TC002_Login_Test@78aa1f72]" started-at="2026-05-06T21:14:11 CDT" name="setup" finished-at="2026-05-06T21:14:16 CDT" duration-ms="5369" status="PASS">
          <params>
            <param index="0">
              <value>
                <![CDATA[Windows]]>
              </value>
            </param>
            <param index="1">
              <value>
                <![CDATA[edge]]>
              </value>
            </param>
          </params>
          <reporter-output>
          </reporter-output>
        </test-method> <!-- setup -->
        <test-method signature="Mylogin()[pri:0, instance:TestCases.TC002_Login_Test@78aa1f72]" started-at="2026-05-06T21:14:16 CDT" name="Mylogin" finished-at="2026-05-06T21:14:22 CDT" duration-ms="6224" status="PASS">
          <reporter-output>
          </reporter-output>
        </test-method> <!-- Mylogin -->
        <test-method is-config="true" signature="tearDown()[pri:0, instance:TestCases.TC002_Login_Test@78aa1f72]" started-at="2026-05-06T21:14:22 CDT" name="tearDown" finished-at="2026-05-06T21:14:23 CDT" duration-ms="448" status="PASS">
          <reporter-output>
          </reporter-output>
        </test-method> <!-- tearDown -->
      </class> <!-- TestCases.TC002_Login_Test -->
    </test> <!-- EdgeTest -->
    <test started-at="2026-05-06T21:14:11 CDT" name="FireFoxTest" finished-at="2026-05-06T21:14:30 CDT" duration-ms="19502">
      <class name="TestCases.TC002_Login_Test">
        <test-method is-config="true" signature="setup(java.lang.String,java.lang.String)[pri:0, instance:TestCases.TC002_Login_Test@35399441]" started-at="2026-05-06T21:14:11 CDT" name="setup" finished-at="2026-05-06T21:14:24 CDT" duration-ms="13236" status="PASS">
          <params>
            <param index="0">
              <value>
                <![CDATA[Windows]]>
              </value>
            </param>
            <param index="1">
              <value>
                <![CDATA[firefox]]>
              </value>
            </param>
          </params>
          <reporter-output>
          </reporter-output>
        </test-method> <!-- setup -->
        <test-method signature="Mylogin()[pri:0, instance:TestCases.TC002_Login_Test@35399441]" started-at="2026-05-06T21:14:24 CDT" name="Mylogin" finished-at="2026-05-06T21:14:29 CDT" duration-ms="5172" status="PASS">
          <reporter-output>
          </reporter-output>
        </test-method> <!-- Mylogin -->
        <test-method is-config="true" signature="tearDown()[pri:0, instance:TestCases.TC002_Login_Test@35399441]" started-at="2026-05-06T21:14:29 CDT" name="tearDown" finished-at="2026-05-06T21:14:30 CDT" duration-ms="1065" status="PASS">
          <reporter-output>
          </reporter-output>
        </test-method> <!-- tearDown -->
      </class> <!-- TestCases.TC002_Login_Test -->
    </test> <!-- FireFoxTest -->
  </suite> <!-- Suite -->
</testng-results>
