<?xml version="1.0" encoding="UTF-8"?>
<testng-results ignored="0" total="3" passed="3" failed="0" skipped="0">
  <reporter-output>
  </reporter-output>
  <suite started-at="2026-05-07T21:34:48 CDT" name="Suite" finished-at="2026-05-07T21:35:27 CDT" duration-ms="38275">
    <groups>
      <group name="Master">
        <method signature="TC002_Login_Test.Mylogin()[pri:0, instance:TestCases.TC002_Login_Test@7a220c9a]" name="Mylogin" class="TestCases.TC002_Login_Test"/>
        <method signature="TC002_Login_Test.Mylogin()[pri:0, instance:TestCases.TC002_Login_Test@73cd37c0]" name="Mylogin" class="TestCases.TC002_Login_Test"/>
        <method signature="TC002_Login_Test.Mylogin()[pri:0, instance:TestCases.TC002_Login_Test@2bb3058]" name="Mylogin" class="TestCases.TC002_Login_Test"/>
      </group> <!-- Master -->
      <group name="Sanity">
        <method signature="TC002_Login_Test.Mylogin()[pri:0, instance:TestCases.TC002_Login_Test@7a220c9a]" name="Mylogin" class="TestCases.TC002_Login_Test"/>
        <method signature="TC002_Login_Test.Mylogin()[pri:0, instance:TestCases.TC002_Login_Test@73cd37c0]" name="Mylogin" class="TestCases.TC002_Login_Test"/>
        <method signature="TC002_Login_Test.Mylogin()[pri:0, instance:TestCases.TC002_Login_Test@2bb3058]" name="Mylogin" class="TestCases.TC002_Login_Test"/>
      </group> <!-- Sanity -->
    </groups>
    <test started-at="2026-05-07T21:34:48 CDT" name="ChromeTest" finished-at="2026-05-07T21:35:12 CDT" duration-ms="24014">
      <class name="TestCases.TC002_Login_Test">
        <test-method is-config="true" signature="setup(java.lang.String,java.lang.String)[pri:0, instance:TestCases.TC002_Login_Test@7a220c9a]" started-at="2026-05-07T21:34:48 CDT" name="setup" finished-at="2026-05-07T21:34:58 CDT" duration-ms="9417" status="PASS">
          <params>
            <param index="0">
              <value>
                <![CDATA[Windows]]>
              </value>
            </param>
            <param index="1">
              <value>
                <![CDATA[chrome]]>
              </value>
            </param>
          </params>
          <reporter-output>
          </reporter-output>
        </test-method> <!-- setup -->
        <test-method signature="Mylogin()[pri:0, instance:TestCases.TC002_Login_Test@7a220c9a]" started-at="2026-05-07T21:34:58 CDT" name="Mylogin" finished-at="2026-05-07T21:35:12 CDT" duration-ms="13639" status="PASS">
          <reporter-output>
          </reporter-output>
        </test-method> <!-- Mylogin -->
        <test-method is-config="true" signature="tearDown()[pri:0, instance:TestCases.TC002_Login_Test@7a220c9a]" started-at="2026-05-07T21:35:12 CDT" name="tearDown" finished-at="2026-05-07T21:35:12 CDT" duration-ms="899" status="PASS">
          <reporter-output>
          </reporter-output>
        </test-method> <!-- tearDown -->
      </class> <!-- TestCases.TC002_Login_Test -->
    </test> <!-- ChromeTest -->
    <test started-at="2026-05-07T21:34:48 CDT" name="EdgeTest" finished-at="2026-05-07T21:35:15 CDT" duration-ms="26289">
      <class name="TestCases.TC002_Login_Test">
        <test-method is-config="true" signature="setup(java.lang.String,java.lang.String)[pri:0, instance:TestCases.TC002_Login_Test@73cd37c0]" started-at="2026-05-07T21:34:48 CDT" name="setup" finished-at="2026-05-07T21:34:56 CDT" duration-ms="7440" status="PASS">
          <params>
            <param index="0">
              <value>
                <![CDATA[Windows]]>
              </value>
            </param>
            <param index="1">
              <value>
                <![CDATA[edge]]>
              </value>
            </param>
          </params>
          <reporter-output>
          </reporter-output>
        </test-method> <!-- setup -->
        <test-method signature="Mylogin()[pri:0, instance:TestCases.TC002_Login_Test@73cd37c0]" started-at="2026-05-07T21:34:56 CDT" name="Mylogin" finished-at="2026-05-07T21:35:14 CDT" duration-ms="18163" status="PASS">
          <reporter-output>
          </reporter-output>
        </test-method> <!-- Mylogin -->
        <test-method is-config="true" signature="tearDown()[pri:0, instance:TestCases.TC002_Login_Test@73cd37c0]" started-at="2026-05-07T21:35:14 CDT" name="tearDown" finished-at="2026-05-07T21:35:15 CDT" duration-ms="606" status="PASS">
          <reporter-output>
          </reporter-output>
        </test-method> <!-- tearDown -->
      </class> <!-- TestCases.TC002_Login_Test -->
    </test> <!-- EdgeTest -->
    <test started-at="2026-05-07T21:34:48 CDT" name="FireFoxTest" finished-at="2026-05-07T21:35:27 CDT" duration-ms="38275">
      <class name="TestCases.TC002_Login_Test">
        <test-method is-config="true" signature="setup(java.lang.String,java.lang.String)[pri:0, instance:TestCases.TC002_Login_Test@2bb3058]" started-at="2026-05-07T21:34:48 CDT" name="setup" finished-at="2026-05-07T21:35:09 CDT" duration-ms="20738" status="PASS">
          <params>
            <param index="0">
              <value>
                <![CDATA[Windows]]>
              </value>
            </param>
            <param index="1">
              <value>
                <![CDATA[firefox]]>
              </value>
            </param>
          </params>
          <reporter-output>
          </reporter-output>
        </test-method> <!-- setup -->
        <test-method signature="Mylogin()[pri:0, instance:TestCases.TC002_Login_Test@2bb3058]" started-at="2026-05-07T21:35:09 CDT" name="Mylogin" finished-at="2026-05-07T21:35:26 CDT" duration-ms="16342" status="PASS">
          <reporter-output>
          </reporter-output>
        </test-method> <!-- Mylogin -->
        <test-method is-config="true" signature="tearDown()[pri:0, instance:TestCases.TC002_Login_Test@2bb3058]" started-at="2026-05-07T21:35:26 CDT" name="tearDown" finished-at="2026-05-07T21:35:27 CDT" duration-ms="1148" status="PASS">
          <reporter-output>
          </reporter-output>
        </test-method> <!-- tearDown -->
      </class> <!-- TestCases.TC002_Login_Test -->
    </test> <!-- FireFoxTest -->
  </suite> <!-- Suite -->
</testng-results>
