<?xml version="1.0" encoding="UTF-8"?>
<!-- Generated by org.testng.reporters.JUnitReportReporter -->
<testsuite hostname="DESKTOP-SKT3MDB" failures="0" tests="3" name="TestCases.TC002_Login_Test" time="24.490" errors="0" timestamp="2026-05-06T21:13:16 CDT" skipped="0">
  <testcase classname="TestCases.TC002_Login_Test" name="Mylogin" time="10.025"/>
  <testcase classname="TestCases.TC002_Login_Test" name="Mylogin" time="6.926"/>
  <testcase classname="TestCases.TC002_Login_Test" name="Mylogin" time="7.539"/>
</testsuite> <!-- TestCases.TC002_Login_Test -->
