<?xml version="1.0" encoding="UTF-8"?>
<!-- Generated by org.testng.reporters.JUnitReportReporter -->
<testsuite hostname="DESKTOP-SKT3MDB" failures="0" tests="3" name="TestCases.TC002_Login_Test" time="48.144" errors="0" timestamp="2026-05-07T21:35:27 CDT" skipped="0">
  <testcase classname="TestCases.TC002_Login_Test" name="Mylogin" time="18.163"/>
  <testcase classname="TestCases.TC002_Login_Test" name="Mylogin" time="13.639"/>
  <testcase classname="TestCases.TC002_Login_Test" name="Mylogin" time="16.342"/>
</testsuite> <!-- TestCases.TC002_Login_Test -->
